<?xml version="1.0" encoding="UTF-8"?>
<testng-results skipped="0" failed="0" total="2" passed="2">
  <reporter-output>
  </reporter-output>
  <suite name="com.apple.qa.testcases.HomePageTestCase" duration-ms="5466" started-at="2018-06-17T04:47:48Z" finished-at="2018-06-17T04:47:53Z">
    <groups>
    </groups>
    <test name="Command line test" duration-ms="5466" started-at="2018-06-17T04:47:48Z" finished-at="2018-06-17T04:47:53Z">
      <class name="com.apple.qa.testcases.HomePageTestCase">
        <test-method status="PASS" signature="setUp()[pri:0, instance:com.apple.qa.testcases.HomePageTestCase@22f71333]" name="setUp" is-config="true" duration-ms="2575" started-at="2018-06-16T21:47:48Z" finished-at="2018-06-16T21:47:50Z">
          <reporter-output>
          </reporter-output>
        </test-method> <!-- setUp -->
        <test-method status="PASS" signature="homePageTitleTest()[pri:0, instance:com.apple.qa.testcases.HomePageTestCase@22f71333]" name="homePageTitleTest" duration-ms="9" started-at="2018-06-16T21:47:50Z" finished-at="2018-06-16T21:47:50Z">
          <reporter-output>
          </reporter-output>
        </test-method> <!-- homePageTitleTest -->
        <test-method status="PASS" signature="quit()[pri:0, instance:com.apple.qa.testcases.HomePageTestCase@22f71333]" name="quit" is-config="true" duration-ms="86" started-at="2018-06-16T21:47:50Z" finished-at="2018-06-16T21:47:50Z">
          <reporter-output>
          </reporter-output>
        </test-method> <!-- quit -->
        <test-method status="PASS" signature="setUp()[pri:0, instance:com.apple.qa.testcases.HomePageTestCase@22f71333]" name="setUp" is-config="true" duration-ms="1836" started-at="2018-06-16T21:47:50Z" finished-at="2018-06-16T21:47:52Z">
          <reporter-output>
          </reporter-output>
        </test-method> <!-- setUp -->
        <test-method status="PASS" signature="clickOnIpad()[pri:0, instance:com.apple.qa.testcases.HomePageTestCase@22f71333]" name="clickOnIpad" duration-ms="862" started-at="2018-06-16T21:47:52Z" finished-at="2018-06-16T21:47:53Z">
          <reporter-output>
          </reporter-output>
        </test-method> <!-- clickOnIpad -->
        <test-method status="PASS" signature="quit()[pri:0, instance:com.apple.qa.testcases.HomePageTestCase@22f71333]" name="quit" is-config="true" duration-ms="87" started-at="2018-06-16T21:47:53Z" finished-at="2018-06-16T21:47:53Z">
          <reporter-output>
          </reporter-output>
        </test-method> <!-- quit -->
      </class> <!-- com.apple.qa.testcases.HomePageTestCase -->
    </test> <!-- Command line test -->
  </suite> <!-- com.apple.qa.testcases.HomePageTestCase -->
</testng-results>
