<?xml version="1.0" encoding="UTF-8"?>
<testng-results skipped="0" failed="1" total="5" passed="4">
  <reporter-output>
  </reporter-output>
  <suite name="Suite" duration-ms="17358" started-at="2018-06-17T04:44:21Z" finished-at="2018-06-17T04:44:38Z">
    <groups>
    </groups>
    <test name="Test" duration-ms="17358" started-at="2018-06-17T04:44:21Z" finished-at="2018-06-17T04:44:38Z">
      <class name="com.apple.qa.testcases.BuyPageTestCases">
        <test-method status="PASS" signature="setUp()[pri:0, instance:com.apple.qa.testcases.BuyPageTestCases@39aeed2f]" name="setUp" is-config="true" duration-ms="5409" started-at="2018-06-16T21:44:21Z" finished-at="2018-06-16T21:44:26Z">
          <reporter-output>
          </reporter-output>
        </test-method> <!-- setUp -->
        <test-method status="FAIL" signature="AddAppleCare()[pri:0, instance:com.apple.qa.testcases.BuyPageTestCases@39aeed2f]" name="AddAppleCare" duration-ms="47" started-at="2018-06-16T21:44:26Z" finished-at="2018-06-16T21:44:26Z">
          <exception class="org.openqa.selenium.NoSuchElementException">
            <message>
              <![CDATA[no such element: Unable to locate element: {"method":"xpath","selector":"//div[@id='main']/section[1]/div[1]/div/span/a[2]"}
  (Session info: chrome=67.0.3396.87)
  (Driver info: chromedriver=2.38.551581 (2c9c29527ada10af4745ab26dd000ebb6d5e055e),platform=Mac OS X 10.13.5 x86_64) (WARNING: The server did not provide any stacktrace information)
Command duration or timeout: 0 milliseconds
For documentation on this error, please visit: http://seleniumhq.org/exceptions/no_such_element.html
Build info: version: '3.12.0', revision: '7c6e0b3', time: '2018-05-08T14:04:26.12Z'
System info: host: 'Yongs-MacBook-Pro.local', ip: 'fe80:0:0:0:cbd:3cdf:29b9:c55%en0', os.name: 'Mac OS X', os.arch: 'x86_64', os.version: '10.13.5', java.version: '1.8.0_172'
Driver info: org.openqa.selenium.chrome.ChromeDriver
Capabilities {acceptInsecureCerts: false, acceptSslCerts: false, applicationCacheEnabled: false, browserConnectionEnabled: false, browserName: chrome, chrome: {chromedriverVersion: 2.38.551581 (2c9c29527ada10..., userDataDir: /var/folders/m2/_xzpzlvs3gq...}, cssSelectorsEnabled: true, databaseEnabled: false, handlesAlerts: true, hasTouchScreen: false, javascriptEnabled: true, locationContextEnabled: true, mobileEmulationEnabled: false, nativeEvents: true, networkConnectionEnabled: false, pageLoadStrategy: normal, platform: MAC, platformName: MAC, rotatable: false, setWindowRect: true, takesHeapSnapshot: true, takesScreenshot: true, unexpectedAlertBehaviour: , unhandledPromptBehavior: , version: 67.0.3396.87, webStorageEnabled: true}
Session ID: a055c7e0253ccae664fac5c7a2a152f3
*** Element info: {Using=xpath, value=//div[@id='main']/section[1]/div[1]/div/span/a[2]}]]>
            </message>
            <full-stacktrace>
              <![CDATA[org.openqa.selenium.NoSuchElementException: no such element: Unable to locate element: {"method":"xpath","selector":"//div[@id='main']/section[1]/div[1]/div/span/a[2]"}
  (Session info: chrome=67.0.3396.87)
  (Driver info: chromedriver=2.38.551581 (2c9c29527ada10af4745ab26dd000ebb6d5e055e),platform=Mac OS X 10.13.5 x86_64) (WARNING: The server did not provide any stacktrace information)
Command duration or timeout: 0 milliseconds
For documentation on this error, please visit: http://seleniumhq.org/exceptions/no_such_element.html
Build info: version: '3.12.0', revision: '7c6e0b3', time: '2018-05-08T14:04:26.12Z'
System info: host: 'Yongs-MacBook-Pro.local', ip: 'fe80:0:0:0:cbd:3cdf:29b9:c55%en0', os.name: 'Mac OS X', os.arch: 'x86_64', os.version: '10.13.5', java.version: '1.8.0_172'
Driver info: org.openqa.selenium.chrome.ChromeDriver
Capabilities {acceptInsecureCerts: false, acceptSslCerts: false, applicationCacheEnabled: false, browserConnectionEnabled: false, browserName: chrome, chrome: {chromedriverVersion: 2.38.551581 (2c9c29527ada10..., userDataDir: /var/folders/m2/_xzpzlvs3gq...}, cssSelectorsEnabled: true, databaseEnabled: false, handlesAlerts: true, hasTouchScreen: false, javascriptEnabled: true, locationContextEnabled: true, mobileEmulationEnabled: false, nativeEvents: true, networkConnectionEnabled: false, pageLoadStrategy: normal, platform: MAC, platformName: MAC, rotatable: false, setWindowRect: true, takesHeapSnapshot: true, takesScreenshot: true, unexpectedAlertBehaviour: , unhandledPromptBehavior: , version: 67.0.3396.87, webStorageEnabled: true}
Session ID: a055c7e0253ccae664fac5c7a2a152f3
*** Element info: {Using=xpath, value=//div[@id='main']/section[1]/div[1]/div/span/a[2]}
	at sun.reflect.NativeConstructorAccessorImpl.newInstance0(Native Method)
	at sun.reflect.NativeConstructorAccessorImpl.newInstance(NativeConstructorAccessorImpl.java:62)
	at sun.reflect.DelegatingConstructorAccessorImpl.newInstance(DelegatingConstructorAccessorImpl.java:45)
	at java.lang.reflect.Constructor.newInstance(Constructor.java:423)
	at org.openqa.selenium.remote.ErrorHandler.createThrowable(ErrorHandler.java:214)
	at org.openqa.selenium.remote.ErrorHandler.throwIfResponseFailed(ErrorHandler.java:166)
	at org.openqa.selenium.remote.http.JsonHttpResponseCodec.reconstructValue(JsonHttpResponseCodec.java:40)
	at org.openqa.selenium.remote.http.AbstractHttpResponseCodec.decode(AbstractHttpResponseCodec.java:80)
	at org.openqa.selenium.remote.http.AbstractHttpResponseCodec.decode(AbstractHttpResponseCodec.java:44)
	at org.openqa.selenium.remote.HttpCommandExecutor.execute(HttpCommandExecutor.java:158)
	at org.openqa.selenium.remote.service.DriverCommandExecutor.execute(DriverCommandExecutor.java:83)
	at org.openqa.selenium.remote.RemoteWebDriver.execute(RemoteWebDriver.java:543)
	at org.openqa.selenium.remote.RemoteWebDriver.findElement(RemoteWebDriver.java:317)
	at org.openqa.selenium.remote.RemoteWebDriver.findElementByXPath(RemoteWebDriver.java:419)
	at org.openqa.selenium.By$ByXPath.findElement(By.java:353)
	at org.openqa.selenium.remote.RemoteWebDriver.findElement(RemoteWebDriver.java:309)
	at org.openqa.selenium.support.pagefactory.DefaultElementLocator.findElement(DefaultElementLocator.java:69)
	at org.openqa.selenium.support.pagefactory.internal.LocatingElementHandler.invoke(LocatingElementHandler.java:38)
	at com.sun.proxy.$Proxy9.click(Unknown Source)
	at com.apple.qa.pages.BuyPage.ClickOnAppleCare(BuyPage.java:28)
	at com.apple.qa.testcases.BuyPageTestCases.AddAppleCare(BuyPageTestCases.java:51)
	at sun.reflect.NativeMethodAccessorImpl.invoke0(Native Method)
	at sun.reflect.NativeMethodAccessorImpl.invoke(NativeMethodAccessorImpl.java:62)
	at sun.reflect.DelegatingMethodAccessorImpl.invoke(DelegatingMethodAccessorImpl.java:43)
	at java.lang.reflect.Method.invoke(Method.java:498)
	at org.testng.internal.MethodInvocationHelper.invokeMethod(MethodInvocationHelper.java:80)
	at org.testng.internal.Invoker.invokeMethod(Invoker.java:714)
	at org.testng.internal.Invoker.invokeTestMethod(Invoker.java:901)
	at org.testng.internal.Invoker.invokeTestMethods(Invoker.java:1231)
	at org.testng.internal.TestMethodWorker.invokeTestMethods(TestMethodWorker.java:127)
	at org.testng.internal.TestMethodWorker.run(TestMethodWorker.java:111)
	at org.testng.TestRunner.privateRun(TestRunner.java:767)
	at org.testng.TestRunner.run(TestRunner.java:617)
	at org.testng.SuiteRunner.runTest(SuiteRunner.java:334)
	at org.testng.SuiteRunner.runSequentially(SuiteRunner.java:329)
	at org.testng.SuiteRunner.privateRun(SuiteRunner.java:291)
	at org.testng.SuiteRunner.run(SuiteRunner.java:240)
	at org.testng.SuiteRunnerWorker.runSuite(SuiteRunnerWorker.java:52)
	at org.testng.SuiteRunnerWorker.run(SuiteRunnerWorker.java:86)
	at org.testng.TestNG.runSuitesSequentially(TestNG.java:1198)
	at org.testng.TestNG.runSuitesLocally(TestNG.java:1123)
	at org.testng.TestNG.run(TestNG.java:1031)
	at org.testng.remote.AbstractRemoteTestNG.run(AbstractRemoteTestNG.java:114)
	at org.testng.remote.RemoteTestNG.initAndRun(RemoteTestNG.java:251)
	at org.testng.remote.RemoteTestNG.main(RemoteTestNG.java:77)
]]>
            </full-stacktrace>
          </exception> <!-- org.openqa.selenium.NoSuchElementException -->
          <reporter-output>
          </reporter-output>
        </test-method> <!-- AddAppleCare -->
        <test-method status="PASS" signature="teardown()[pri:0, instance:com.apple.qa.testcases.BuyPageTestCases@39aeed2f]" name="teardown" is-config="true" duration-ms="89" started-at="2018-06-16T21:44:26Z" finished-at="2018-06-16T21:44:26Z">
          <reporter-output>
          </reporter-output>
        </test-method> <!-- teardown -->
      </class> <!-- com.apple.qa.testcases.BuyPageTestCases -->
      <class name="com.apple.qa.testcases.IpadPageTestCases">
        <test-method status="PASS" signature="setUp()[pri:0, instance:com.apple.qa.testcases.IpadPageTestCases@724af044]" name="setUp" is-config="true" duration-ms="2699" started-at="2018-06-16T21:44:31Z" finished-at="2018-06-16T21:44:33Z">
          <reporter-output>
          </reporter-output>
        </test-method> <!-- setUp -->
        <test-method status="PASS" signature="clickOnIpadBuyButton()[pri:0, instance:com.apple.qa.testcases.IpadPageTestCases@724af044]" name="clickOnIpadBuyButton" duration-ms="1902" started-at="2018-06-16T21:44:33Z" finished-at="2018-06-16T21:44:35Z">
          <reporter-output>
          </reporter-output>
        </test-method> <!-- clickOnIpadBuyButton -->
        <test-method status="PASS" signature="teardown()[pri:0, instance:com.apple.qa.testcases.IpadPageTestCases@724af044]" name="teardown" is-config="true" duration-ms="87" started-at="2018-06-16T21:44:35Z" finished-at="2018-06-16T21:44:35Z">
          <reporter-output>
          </reporter-output>
        </test-method> <!-- teardown -->
        <test-method status="PASS" signature="setUp()[pri:0, instance:com.apple.qa.testcases.IpadPageTestCases@724af044]" name="setUp" is-config="true" duration-ms="2608" started-at="2018-06-16T21:44:35Z" finished-at="2018-06-16T21:44:38Z">
          <reporter-output>
          </reporter-output>
        </test-method> <!-- setUp -->
        <test-method status="PASS" signature="verifyIpadPageTitle()[pri:0, instance:com.apple.qa.testcases.IpadPageTestCases@724af044]" name="verifyIpadPageTitle" duration-ms="8" started-at="2018-06-16T21:44:38Z" finished-at="2018-06-16T21:44:38Z">
          <reporter-output>
          </reporter-output>
        </test-method> <!-- verifyIpadPageTitle -->
        <test-method status="PASS" signature="teardown()[pri:0, instance:com.apple.qa.testcases.IpadPageTestCases@724af044]" name="teardown" is-config="true" duration-ms="85" started-at="2018-06-16T21:44:38Z" finished-at="2018-06-16T21:44:38Z">
          <reporter-output>
          </reporter-output>
        </test-method> <!-- teardown -->
      </class> <!-- com.apple.qa.testcases.IpadPageTestCases -->
      <class name="com.apple.qa.testcases.HomePageTestCase">
        <test-method status="PASS" signature="setUp()[pri:0, instance:com.apple.qa.testcases.HomePageTestCase@4678c730]" name="setUp" is-config="true" duration-ms="1723" started-at="2018-06-16T21:44:26Z" finished-at="2018-06-16T21:44:28Z">
          <reporter-output>
          </reporter-output>
        </test-method> <!-- setUp -->
        <test-method status="PASS" signature="homePageTitleTest()[pri:0, instance:com.apple.qa.testcases.HomePageTestCase@4678c730]" name="homePageTitleTest" duration-ms="9" started-at="2018-06-16T21:44:28Z" finished-at="2018-06-16T21:44:28Z">
          <reporter-output>
          </reporter-output>
        </test-method> <!-- homePageTitleTest -->
        <test-method status="PASS" signature="quit()[pri:0, instance:com.apple.qa.testcases.HomePageTestCase@4678c730]" name="quit" is-config="true" duration-ms="84" started-at="2018-06-16T21:44:28Z" finished-at="2018-06-16T21:44:28Z">
          <reporter-output>
          </reporter-output>
        </test-method> <!-- quit -->
        <test-method status="PASS" signature="setUp()[pri:0, instance:com.apple.qa.testcases.HomePageTestCase@4678c730]" name="setUp" is-config="true" duration-ms="1689" started-at="2018-06-16T21:44:28Z" finished-at="2018-06-16T21:44:30Z">
          <reporter-output>
          </reporter-output>
        </test-method> <!-- setUp -->
        <test-method status="PASS" signature="clickOnIpad()[pri:0, instance:com.apple.qa.testcases.HomePageTestCase@4678c730]" name="clickOnIpad" duration-ms="813" started-at="2018-06-16T21:44:30Z" finished-at="2018-06-16T21:44:31Z">
          <reporter-output>
          </reporter-output>
        </test-method> <!-- clickOnIpad -->
        <test-method status="PASS" signature="quit()[pri:0, instance:com.apple.qa.testcases.HomePageTestCase@4678c730]" name="quit" is-config="true" duration-ms="86" started-at="2018-06-16T21:44:31Z" finished-at="2018-06-16T21:44:31Z">
          <reporter-output>
          </reporter-output>
        </test-method> <!-- quit -->
      </class> <!-- com.apple.qa.testcases.HomePageTestCase -->
    </test> <!-- Test -->
  </suite> <!-- Suite -->
</testng-results>
